<?xml version="1.0" encoding="UTF-8"?>
<!-- Generated by org.testng.reporters.JUnitXMLReporter -->
<testsuite hostname="CS2-17" ignored="0" name="Default test" tests="3" failures="0" timestamp="27 Nov 2017 17:21:02 GMT" time="0.057" errors="0">
  <testcase name="test1" time="0.016" classname="cs265.CS265_Lab_Week11_OrderTest"/>
  <testcase name="test2" time="0.001" classname="cs265.CS265_Lab_Week11_OrderTest"/>
  <testcase name="test3" time="0.001" classname="cs265.CS265_Lab_Week11_OrderTest"/>
</testsuite> <!-- Default test -->
