<?xml version="1.0" encoding="UTF-8"?>
<testng-results skipped="0" failed="0" ignored="0" total="7" passed="7">
  <reporter-output>
  </reporter-output>
  <suite name="Default suite" duration-ms="146" started-at="2017-11-06T16:58:15Z" finished-at="2017-11-06T16:58:15Z">
    <groups>
    </groups>
    <test name="Default test" duration-ms="146" started-at="2017-11-06T16:58:15Z" finished-at="2017-11-06T16:58:15Z">
      <class name="cs265.CS265_LabExam1_Q2Test">
        <test-method status="PASS" signature="test1()[pri:0, instance:cs265.CS265_LabExam1_Q2Test@2af46afd]" name="test1" duration-ms="37" started-at="2017-11-06T16:58:15Z" finished-at="2017-11-06T16:58:15Z">
          <reporter-output>
          </reporter-output>
        </test-method> <!-- test1 -->
        <test-method status="PASS" signature="test2()[pri:0, instance:cs265.CS265_LabExam1_Q2Test@2af46afd]" name="test2" duration-ms="5" started-at="2017-11-06T16:58:15Z" finished-at="2017-11-06T16:58:15Z">
          <reporter-output>
          </reporter-output>
        </test-method> <!-- test2 -->
        <test-method status="PASS" signature="test3()[pri:0, instance:cs265.CS265_LabExam1_Q2Test@2af46afd]" name="test3" duration-ms="3" started-at="2017-11-06T16:58:15Z" finished-at="2017-11-06T16:58:15Z">
          <reporter-output>
          </reporter-output>
        </test-method> <!-- test3 -->
        <test-method status="PASS" signature="test4()[pri:0, instance:cs265.CS265_LabExam1_Q2Test@2af46afd]" name="test4" duration-ms="2" started-at="2017-11-06T16:58:15Z" finished-at="2017-11-06T16:58:15Z">
          <reporter-output>
          </reporter-output>
        </test-method> <!-- test4 -->
        <test-method status="PASS" signature="test5()[pri:0, instance:cs265.CS265_LabExam1_Q2Test@2af46afd]" name="test5" duration-ms="4" started-at="2017-11-06T16:58:15Z" finished-at="2017-11-06T16:58:15Z">
          <reporter-output>
          </reporter-output>
        </test-method> <!-- test5 -->
        <test-method status="PASS" signature="test6()[pri:0, instance:cs265.CS265_LabExam1_Q2Test@2af46afd]" name="test6" duration-ms="3" started-at="2017-11-06T16:58:15Z" finished-at="2017-11-06T16:58:15Z">
          <reporter-output>
          </reporter-output>
        </test-method> <!-- test6 -->
        <test-method status="PASS" signature="test7()[pri:0, instance:cs265.CS265_LabExam1_Q2Test@2af46afd]" name="test7" duration-ms="2" started-at="2017-11-06T16:58:15Z" finished-at="2017-11-06T16:58:15Z">
          <reporter-output>
          </reporter-output>
        </test-method> <!-- test7 -->
      </class> <!-- cs265.CS265_LabExam1_Q2Test -->
    </test> <!-- Default test -->
  </suite> <!-- Default suite -->
</testng-results>
