<?xml version="1.0" encoding="UTF-8"?>
<!-- Generated by org.testng.reporters.JUnitXMLReporter -->
<testsuite hostname="CS2-11" ignored="0" name="Default test" tests="7" failures="0" timestamp="06 Nov 2017 16:58:15 GMT" time="0.146" errors="0">
  <testcase name="test1" time="0.037" classname="cs265.CS265_LabExam1_Q2Test"/>
  <testcase name="test2" time="0.005" classname="cs265.CS265_LabExam1_Q2Test"/>
  <testcase name="test3" time="0.003" classname="cs265.CS265_LabExam1_Q2Test"/>
  <testcase name="test4" time="0.002" classname="cs265.CS265_LabExam1_Q2Test"/>
  <testcase name="test5" time="0.004" classname="cs265.CS265_LabExam1_Q2Test"/>
  <testcase name="test6" time="0.003" classname="cs265.CS265_LabExam1_Q2Test"/>
  <testcase name="test7" time="0.002" classname="cs265.CS265_LabExam1_Q2Test"/>
</testsuite> <!-- Default test -->
