<?xml version="1.0" encoding="UTF-8"?>
<testng-results skipped="0" failed="0" ignored="0" total="3" passed="3">
  <reporter-output>
  </reporter-output>
  <suite name="Default suite" duration-ms="57" started-at="2017-11-27T17:21:02Z" finished-at="2017-11-27T17:21:02Z">
    <groups>
    </groups>
    <test name="Default test" duration-ms="57" started-at="2017-11-27T17:21:02Z" finished-at="2017-11-27T17:21:02Z">
      <class name="cs265.CS265_Lab_Week11_OrderTest">
        <test-method status="PASS" signature="test1()[pri:0, instance:cs265.CS265_Lab_Week11_OrderTest@3c756e4d]" name="test1" duration-ms="16" started-at="2017-11-27T17:21:02Z" finished-at="2017-11-27T17:21:02Z">
          <reporter-output>
          </reporter-output>
        </test-method> <!-- test1 -->
        <test-method status="PASS" signature="test2()[pri:0, instance:cs265.CS265_Lab_Week11_OrderTest@3c756e4d]" name="test2" duration-ms="1" started-at="2017-11-27T17:21:02Z" finished-at="2017-11-27T17:21:02Z">
          <reporter-output>
          </reporter-output>
        </test-method> <!-- test2 -->
        <test-method status="PASS" signature="test3()[pri:0, instance:cs265.CS265_Lab_Week11_OrderTest@3c756e4d]" name="test3" duration-ms="1" started-at="2017-11-27T17:21:02Z" finished-at="2017-11-27T17:21:02Z">
          <reporter-output>
          </reporter-output>
        </test-method> <!-- test3 -->
      </class> <!-- cs265.CS265_Lab_Week11_OrderTest -->
    </test> <!-- Default test -->
  </suite> <!-- Default suite -->
</testng-results>
